Computing results for zihe_1
Genotype file used for this sample is /home/lchanem1/data-abattle4/lakshmi/cuomo_2020/genotypes/HPSI0115i-zihe_1.wec.gtarray.HumanCoreExome-12_v1_0.20160912.genotypes.vcf.gz
vcftools --gzvcf /home/lchanem1/data-abattle4/lakshmi/cuomo_2020/monopogen_output/final_results/zihe_1.phased.final.het.vcf.gz --gzdiff /home/lchanem1/data-abattle4/lakshmi/cuomo_2020/genotypes/HPSI0115i-zihe_1.wec.gtarray.HumanCoreExome-12_v1_0.20160912.genotypes.vcf.gz --diff-discordance-matrix --out /home/lchanem1/data-abattle4/lakshmi/cuomo_2020/monopogen_output/final_results/zihe_1_chr10_22 --chr 10 --chr 11 --chr 12 --chr 13 --chr 14 --chr 15 --chr 16 --chr 17 --chr 18 --chr 19 --chr 20 --chr 21 --chr 22
vcftools --gzvcf /home/lchanem1/data-abattle4/lakshmi/cuomo_2020/monopogen_output/final_results/zihe_1.phased.final.het.vcf.gz --gzdiff /home/lchanem1/data-abattle4/lakshmi/cuomo_2020/genotypes/HPSI0115i-zihe_1.wec.gtarray.HumanCoreExome-12_v1_0.20160912.genotypes.vcf.gz --diff-discordance-matrix --out /home/lchanem1/data-abattle4/lakshmi/cuomo_2020/monopogen_output/final_results/zihe_1_chr1_9 --chr 1 --chr 2 --chr 3 --chr 4 --chr 5 --chr 6 --chr 7 --chr 8 --chr 9
Merging output files
Computing results for iisa_3
Genotype file used for this sample is /home/lchanem1/data-abattle4/lakshmi/cuomo_2020/genotypes/HPSI0114i-iisa_3.wec.gtarray.HumanCoreExome-12_v1_0.20141111.genotypes.vcf.gz
vcftools --gzvcf /home/lchanem1/data-abattle4/lakshmi/cuomo_2020/monopogen_output/final_results/iisa_3.phased.final.het.vcf.gz --gzdiff /home/lchanem1/data-abattle4/lakshmi/cuomo_2020/genotypes/HPSI0114i-iisa_3.wec.gtarray.HumanCoreExome-12_v1_0.20141111.genotypes.vcf.gz --diff-discordance-matrix --out /home/lchanem1/data-abattle4/lakshmi/cuomo_2020/monopogen_output/final_results/iisa_3_chr10_22 --chr 10 --chr 11 --chr 12 --chr 13 --chr 14 --chr 15 --chr 16 --chr 17 --chr 18 --chr 19 --chr 20 --chr 21 --chr 22
vcftools --gzvcf /home/lchanem1/data-abattle4/lakshmi/cuomo_2020/monopogen_output/final_results/iisa_3.phased.final.het.vcf.gz --gzdiff /home/lchanem1/data-abattle4/lakshmi/cuomo_2020/genotypes/HPSI0114i-iisa_3.wec.gtarray.HumanCoreExome-12_v1_0.20141111.genotypes.vcf.gz --diff-discordance-matrix --out /home/lchanem1/data-abattle4/lakshmi/cuomo_2020/monopogen_output/final_results/iisa_3_chr1_9 --chr 1 --chr 2 --chr 3 --chr 4 --chr 5 --chr 6 --chr 7 --chr 8 --chr 9
Merging output files
Computing results for uilk_3
Genotype file used for this sample is /home/lchanem1/data-abattle4/lakshmi/cuomo_2020/genotypes/HPSI0614i-uilk_3.wec.gtarray.HumanCoreExome-12_v1_0.20160912.genotypes.vcf.gz
vcftools --gzvcf /home/lchanem1/data-abattle4/lakshmi/cuomo_2020/monopogen_output/final_results/uilk_3.phased.final.het.vcf.gz --gzdiff /home/lchanem1/data-abattle4/lakshmi/cuomo_2020/genotypes/HPSI0614i-uilk_3.wec.gtarray.HumanCoreExome-12_v1_0.20160912.genotypes.vcf.gz --diff-discordance-matrix --out /home/lchanem1/data-abattle4/lakshmi/cuomo_2020/monopogen_output/final_results/uilk_3_chr10_22 --chr 10 --chr 11 --chr 12 --chr 13 --chr 14 --chr 15 --chr 16 --chr 17 --chr 18 --chr 19 --chr 20 --chr 21 --chr 22
vcftools --gzvcf /home/lchanem1/data-abattle4/lakshmi/cuomo_2020/monopogen_output/final_results/uilk_3.phased.final.het.vcf.gz --gzdiff /home/lchanem1/data-abattle4/lakshmi/cuomo_2020/genotypes/HPSI0614i-uilk_3.wec.gtarray.HumanCoreExome-12_v1_0.20160912.genotypes.vcf.gz --diff-discordance-matrix --out /home/lchanem1/data-abattle4/lakshmi/cuomo_2020/monopogen_output/final_results/uilk_3_chr1_9 --chr 1 --chr 2 --chr 3 --chr 4 --chr 5 --chr 6 --chr 7 --chr 8 --chr 9
Merging output files
Computing results for xojn_3
Genotype file used for this sample is /home/lchanem1/data-abattle4/lakshmi/cuomo_2020/genotypes/HPSI0414i-xojn_3.wec.gtarray.HumanCoreExome-12_v1_0.20160912.genotypes.vcf.gz
vcftools --gzvcf /home/lchanem1/data-abattle4/lakshmi/cuomo_2020/monopogen_output/final_results/xojn_3.phased.final.het.vcf.gz --gzdiff /home/lchanem1/data-abattle4/lakshmi/cuomo_2020/genotypes/HPSI0414i-xojn_3.wec.gtarray.HumanCoreExome-12_v1_0.20160912.genotypes.vcf.gz --diff-discordance-matrix --out /home/lchanem1/data-abattle4/lakshmi/cuomo_2020/monopogen_output/final_results/xojn_3_chr10_22 --chr 10 --chr 11 --chr 12 --chr 13 --chr 14 --chr 15 --chr 16 --chr 17 --chr 18 --chr 19 --chr 20 --chr 21 --chr 22
vcftools --gzvcf /home/lchanem1/data-abattle4/lakshmi/cuomo_2020/monopogen_output/final_results/xojn_3.phased.final.het.vcf.gz --gzdiff /home/lchanem1/data-abattle4/lakshmi/cuomo_2020/genotypes/HPSI0414i-xojn_3.wec.gtarray.HumanCoreExome-12_v1_0.20160912.genotypes.vcf.gz --diff-discordance-matrix --out /home/lchanem1/data-abattle4/lakshmi/cuomo_2020/monopogen_output/final_results/xojn_3_chr1_9 --chr 1 --chr 2 --chr 3 --chr 4 --chr 5 --chr 6 --chr 7 --chr 8 --chr 9
Merging output files
Computing results for qehq_3
Genotype file used for this sample is /home/lchanem1/data-abattle4/lakshmi/cuomo_2020/genotypes/HPSI0914i-qehq_3.wec.gtarray.HumanCoreExome-12_v1_0.20160912.genotypes.vcf.gz
vcftools --gzvcf /home/lchanem1/data-abattle4/lakshmi/cuomo_2020/monopogen_output/final_results/qehq_3.phased.final.het.vcf.gz --gzdiff /home/lchanem1/data-abattle4/lakshmi/cuomo_2020/genotypes/HPSI0914i-qehq_3.wec.gtarray.HumanCoreExome-12_v1_0.20160912.genotypes.vcf.gz --diff-discordance-matrix --out /home/lchanem1/data-abattle4/lakshmi/cuomo_2020/monopogen_output/final_results/qehq_3_chr10_22 --chr 10 --chr 11 --chr 12 --chr 13 --chr 14 --chr 15 --chr 16 --chr 17 --chr 18 --chr 19 --chr 20 --chr 21 --chr 22
vcftools --gzvcf /home/lchanem1/data-abattle4/lakshmi/cuomo_2020/monopogen_output/final_results/qehq_3.phased.final.het.vcf.gz --gzdiff /home/lchanem1/data-abattle4/lakshmi/cuomo_2020/genotypes/HPSI0914i-qehq_3.wec.gtarray.HumanCoreExome-12_v1_0.20160912.genotypes.vcf.gz --diff-discordance-matrix --out /home/lchanem1/data-abattle4/lakshmi/cuomo_2020/monopogen_output/final_results/qehq_3_chr1_9 --chr 1 --chr 2 --chr 3 --chr 4 --chr 5 --chr 6 --chr 7 --chr 8 --chr 9
Merging output files
Computing results for sojd_3
Genotype file used for this sample is /home/lchanem1/data-abattle4/lakshmi/cuomo_2020/genotypes/HPSI0314i-sojd_3.wec.gtarray.HumanCoreExome-12_v1_0.20141111.genotypes.vcf.gz
vcftools --gzvcf /home/lchanem1/data-abattle4/lakshmi/cuomo_2020/monopogen_output/final_results/sojd_3.phased.final.het.vcf.gz --gzdiff /home/lchanem1/data-abattle4/lakshmi/cuomo_2020/genotypes/HPSI0314i-sojd_3.wec.gtarray.HumanCoreExome-12_v1_0.20141111.genotypes.vcf.gz --diff-discordance-matrix --out /home/lchanem1/data-abattle4/lakshmi/cuomo_2020/monopogen_output/final_results/sojd_3_chr10_22 --chr 10 --chr 11 --chr 12 --chr 13 --chr 14 --chr 15 --chr 16 --chr 17 --chr 18 --chr 19 --chr 20 --chr 21 --chr 22
vcftools --gzvcf /home/lchanem1/data-abattle4/lakshmi/cuomo_2020/monopogen_output/final_results/sojd_3.phased.final.het.vcf.gz --gzdiff /home/lchanem1/data-abattle4/lakshmi/cuomo_2020/genotypes/HPSI0314i-sojd_3.wec.gtarray.HumanCoreExome-12_v1_0.20141111.genotypes.vcf.gz --diff-discordance-matrix --out /home/lchanem1/data-abattle4/lakshmi/cuomo_2020/monopogen_output/final_results/sojd_3_chr1_9 --chr 1 --chr 2 --chr 3 --chr 4 --chr 5 --chr 6 --chr 7 --chr 8 --chr 9
Merging output files
Computing results for eipl_1
Genotype file used for this sample is /home/lchanem1/data-abattle4/lakshmi/cuomo_2020/genotypes/HPSI0114i-eipl_1.wec.gtarray.HumanCoreExome-12_v1_0.20141111.genotypes.vcf.gz
vcftools --gzvcf /home/lchanem1/data-abattle4/lakshmi/cuomo_2020/monopogen_output/final_results/eipl_1.phased.final.het.vcf.gz --gzdiff /home/lchanem1/data-abattle4/lakshmi/cuomo_2020/genotypes/HPSI0114i-eipl_1.wec.gtarray.HumanCoreExome-12_v1_0.20141111.genotypes.vcf.gz --diff-discordance-matrix --out /home/lchanem1/data-abattle4/lakshmi/cuomo_2020/monopogen_output/final_results/eipl_1_chr10_22 --chr 10 --chr 11 --chr 12 --chr 13 --chr 14 --chr 15 --chr 16 --chr 17 --chr 18 --chr 19 --chr 20 --chr 21 --chr 22
vcftools --gzvcf /home/lchanem1/data-abattle4/lakshmi/cuomo_2020/monopogen_output/final_results/eipl_1.phased.final.het.vcf.gz --gzdiff /home/lchanem1/data-abattle4/lakshmi/cuomo_2020/genotypes/HPSI0114i-eipl_1.wec.gtarray.HumanCoreExome-12_v1_0.20141111.genotypes.vcf.gz --diff-discordance-matrix --out /home/lchanem1/data-abattle4/lakshmi/cuomo_2020/monopogen_output/final_results/eipl_1_chr1_9 --chr 1 --chr 2 --chr 3 --chr 4 --chr 5 --chr 6 --chr 7 --chr 8 --chr 9
Merging output files
Computing results for letw_1
Genotype file used for this sample is /home/lchanem1/data-abattle4/lakshmi/cuomo_2020/genotypes/HPSI0514i-letw_1.wec.gtarray.HumanCoreExome-12_v1_0.20160912.genotypes.vcf.gz
vcftools --gzvcf /home/lchanem1/data-abattle4/lakshmi/cuomo_2020/monopogen_output/final_results/letw_1.phased.final.het.vcf.gz --gzdiff /home/lchanem1/data-abattle4/lakshmi/cuomo_2020/genotypes/HPSI0514i-letw_1.wec.gtarray.HumanCoreExome-12_v1_0.20160912.genotypes.vcf.gz --diff-discordance-matrix --out /home/lchanem1/data-abattle4/lakshmi/cuomo_2020/monopogen_output/final_results/letw_1_chr10_22 --chr 10 --chr 11 --chr 12 --chr 13 --chr 14 --chr 15 --chr 16 --chr 17 --chr 18 --chr 19 --chr 20 --chr 21 --chr 22
vcftools --gzvcf /home/lchanem1/data-abattle4/lakshmi/cuomo_2020/monopogen_output/final_results/letw_1.phased.final.het.vcf.gz --gzdiff /home/lchanem1/data-abattle4/lakshmi/cuomo_2020/genotypes/HPSI0514i-letw_1.wec.gtarray.HumanCoreExome-12_v1_0.20160912.genotypes.vcf.gz --diff-discordance-matrix --out /home/lchanem1/data-abattle4/lakshmi/cuomo_2020/monopogen_output/final_results/letw_1_chr1_9 --chr 1 --chr 2 --chr 3 --chr 4 --chr 5 --chr 6 --chr 7 --chr 8 --chr 9
Merging output files
Computing results for poih_4
Genotype file used for this sample is /home/lchanem1/data-abattle4/lakshmi/cuomo_2020/genotypes/HPSI0214i-poih_4.wec.gtarray.HumanCoreExome-12_v1_0.20160912.genotypes.vcf.gz
vcftools --gzvcf /home/lchanem1/data-abattle4/lakshmi/cuomo_2020/monopogen_output/final_results/poih_4.phased.final.het.vcf.gz --gzdiff /home/lchanem1/data-abattle4/lakshmi/cuomo_2020/genotypes/HPSI0214i-poih_4.wec.gtarray.HumanCoreExome-12_v1_0.20160912.genotypes.vcf.gz --diff-discordance-matrix --out /home/lchanem1/data-abattle4/lakshmi/cuomo_2020/monopogen_output/final_results/poih_4_chr10_22 --chr 10 --chr 11 --chr 12 --chr 13 --chr 14 --chr 15 --chr 16 --chr 17 --chr 18 --chr 19 --chr 20 --chr 21 --chr 22
vcftools --gzvcf /home/lchanem1/data-abattle4/lakshmi/cuomo_2020/monopogen_output/final_results/poih_4.phased.final.het.vcf.gz --gzdiff /home/lchanem1/data-abattle4/lakshmi/cuomo_2020/genotypes/HPSI0214i-poih_4.wec.gtarray.HumanCoreExome-12_v1_0.20160912.genotypes.vcf.gz --diff-discordance-matrix --out /home/lchanem1/data-abattle4/lakshmi/cuomo_2020/monopogen_output/final_results/poih_4_chr1_9 --chr 1 --chr 2 --chr 3 --chr 4 --chr 5 --chr 6 --chr 7 --chr 8 --chr 9
Merging output files
Computing results for joxm_1
Genotype file used for this sample is /home/lchanem1/data-abattle4/lakshmi/cuomo_2020/genotypes/HPSI0114i-joxm_1.wec.gtarray.HumanCoreExome-12_v1_0.20141111.genotypes.vcf.gz
vcftools --gzvcf /home/lchanem1/data-abattle4/lakshmi/cuomo_2020/monopogen_output/final_results/joxm_1.phased.final.het.vcf.gz --gzdiff /home/lchanem1/data-abattle4/lakshmi/cuomo_2020/genotypes/HPSI0114i-joxm_1.wec.gtarray.HumanCoreExome-12_v1_0.20141111.genotypes.vcf.gz --diff-discordance-matrix --out /home/lchanem1/data-abattle4/lakshmi/cuomo_2020/monopogen_output/final_results/joxm_1_chr10_22 --chr 10 --chr 11 --chr 12 --chr 13 --chr 14 --chr 15 --chr 16 --chr 17 --chr 18 --chr 19 --chr 20 --chr 21 --chr 22
vcftools --gzvcf /home/lchanem1/data-abattle4/lakshmi/cuomo_2020/monopogen_output/final_results/joxm_1.phased.final.het.vcf.gz --gzdiff /home/lchanem1/data-abattle4/lakshmi/cuomo_2020/genotypes/HPSI0114i-joxm_1.wec.gtarray.HumanCoreExome-12_v1_0.20141111.genotypes.vcf.gz --diff-discordance-matrix --out /home/lchanem1/data-abattle4/lakshmi/cuomo_2020/monopogen_output/final_results/joxm_1_chr1_9 --chr 1 --chr 2 --chr 3 --chr 4 --chr 5 --chr 6 --chr 7 --chr 8 --chr 9
Merging output files
