bcftools index /home/lchanem1/data-abattle4/lakshmi/cuomo_2020/monopogen_output/zihe_1-results/germline/chr1.phased.vcf.gz -t
bcftools index /home/lchanem1/data-abattle4/lakshmi/cuomo_2020/monopogen_output/zihe_1-results/germline/chr2.phased.vcf.gz -t
bcftools index /home/lchanem1/data-abattle4/lakshmi/cuomo_2020/monopogen_output/zihe_1-results/germline/chr3.phased.vcf.gz -t
bcftools index /home/lchanem1/data-abattle4/lakshmi/cuomo_2020/monopogen_output/zihe_1-results/germline/chr4.phased.vcf.gz -t
bcftools index /home/lchanem1/data-abattle4/lakshmi/cuomo_2020/monopogen_output/zihe_1-results/germline/chr5.phased.vcf.gz -t
bcftools index /home/lchanem1/data-abattle4/lakshmi/cuomo_2020/monopogen_output/zihe_1-results/germline/chr6.phased.vcf.gz -t
bcftools index /home/lchanem1/data-abattle4/lakshmi/cuomo_2020/monopogen_output/zihe_1-results/germline/chr7.phased.vcf.gz -t
bcftools index /home/lchanem1/data-abattle4/lakshmi/cuomo_2020/monopogen_output/zihe_1-results/germline/chr8.phased.vcf.gz -t
bcftools index /home/lchanem1/data-abattle4/lakshmi/cuomo_2020/monopogen_output/zihe_1-results/germline/chr9.phased.vcf.gz -t
bcftools index /home/lchanem1/data-abattle4/lakshmi/cuomo_2020/monopogen_output/zihe_1-results/germline/chr10.phased.vcf.gz -t
bcftools index /home/lchanem1/data-abattle4/lakshmi/cuomo_2020/monopogen_output/zihe_1-results/germline/chr11.phased.vcf.gz -t
bcftools index /home/lchanem1/data-abattle4/lakshmi/cuomo_2020/monopogen_output/zihe_1-results/germline/chr12.phased.vcf.gz -t
bcftools index /home/lchanem1/data-abattle4/lakshmi/cuomo_2020/monopogen_output/zihe_1-results/germline/chr13.phased.vcf.gz -t
bcftools index /home/lchanem1/data-abattle4/lakshmi/cuomo_2020/monopogen_output/zihe_1-results/germline/chr14.phased.vcf.gz -t
bcftools index /home/lchanem1/data-abattle4/lakshmi/cuomo_2020/monopogen_output/zihe_1-results/germline/chr15.phased.vcf.gz -t
bcftools index /home/lchanem1/data-abattle4/lakshmi/cuomo_2020/monopogen_output/zihe_1-results/germline/chr16.phased.vcf.gz -t
bcftools index /home/lchanem1/data-abattle4/lakshmi/cuomo_2020/monopogen_output/zihe_1-results/germline/chr17.phased.vcf.gz -t
bcftools index /home/lchanem1/data-abattle4/lakshmi/cuomo_2020/monopogen_output/zihe_1-results/germline/chr18.phased.vcf.gz -t
bcftools index /home/lchanem1/data-abattle4/lakshmi/cuomo_2020/monopogen_output/zihe_1-results/germline/chr19.phased.vcf.gz -t
bcftools index /home/lchanem1/data-abattle4/lakshmi/cuomo_2020/monopogen_output/zihe_1-results/germline/chr20.phased.vcf.gz -t
bcftools index /home/lchanem1/data-abattle4/lakshmi/cuomo_2020/monopogen_output/zihe_1-results/germline/chr21.phased.vcf.gz -t
bcftools index /home/lchanem1/data-abattle4/lakshmi/cuomo_2020/monopogen_output/zihe_1-results/germline/chr22.phased.vcf.gz -t
bcftools concat /home/lchanem1/data-abattle4/lakshmi/cuomo_2020/monopogen_output/zihe_1-results/germline/chr1.phased.vcf.gz /home/lchanem1/data-abattle4/lakshmi/cuomo_2020/monopogen_output/zihe_1-results/germline/chr2.phased.vcf.gz /home/lchanem1/data-abattle4/lakshmi/cuomo_2020/monopogen_output/zihe_1-results/germline/chr3.phased.vcf.gz /home/lchanem1/data-abattle4/lakshmi/cuomo_2020/monopogen_output/zihe_1-results/germline/chr4.phased.vcf.gz /home/lchanem1/data-abattle4/lakshmi/cuomo_2020/monopogen_output/zihe_1-results/germline/chr5.phased.vcf.gz /home/lchanem1/data-abattle4/lakshmi/cuomo_2020/monopogen_output/zihe_1-results/germline/chr6.phased.vcf.gz /home/lchanem1/data-abattle4/lakshmi/cuomo_2020/monopogen_output/zihe_1-results/germline/chr7.phased.vcf.gz /home/lchanem1/data-abattle4/lakshmi/cuomo_2020/monopogen_output/zihe_1-results/germline/chr8.phased.vcf.gz /home/lchanem1/data-abattle4/lakshmi/cuomo_2020/monopogen_output/zihe_1-results/germline/chr9.phased.vcf.gz /home/lchanem1/data-abattle4/lakshmi/cuomo_2020/monopogen_output/zihe_1-results/germline/chr10.phased.vcf.gz /home/lchanem1/data-abattle4/lakshmi/cuomo_2020/monopogen_output/zihe_1-results/germline/chr11.phased.vcf.gz /home/lchanem1/data-abattle4/lakshmi/cuomo_2020/monopogen_output/zihe_1-results/germline/chr12.phased.vcf.gz /home/lchanem1/data-abattle4/lakshmi/cuomo_2020/monopogen_output/zihe_1-results/germline/chr13.phased.vcf.gz /home/lchanem1/data-abattle4/lakshmi/cuomo_2020/monopogen_output/zihe_1-results/germline/chr14.phased.vcf.gz /home/lchanem1/data-abattle4/lakshmi/cuomo_2020/monopogen_output/zihe_1-results/germline/chr15.phased.vcf.gz /home/lchanem1/data-abattle4/lakshmi/cuomo_2020/monopogen_output/zihe_1-results/germline/chr16.phased.vcf.gz /home/lchanem1/data-abattle4/lakshmi/cuomo_2020/monopogen_output/zihe_1-results/germline/chr17.phased.vcf.gz /home/lchanem1/data-abattle4/lakshmi/cuomo_2020/monopogen_output/zihe_1-results/germline/chr18.phased.vcf.gz /home/lchanem1/data-abattle4/lakshmi/cuomo_2020/monopogen_output/zihe_1-results/germline/chr19.phased.vcf.gz /home/lchanem1/data-abattle4/lakshmi/cuomo_2020/monopogen_output/zihe_1-results/germline/chr20.phased.vcf.gz /home/lchanem1/data-abattle4/lakshmi/cuomo_2020/monopogen_output/zihe_1-results/germline/chr21.phased.vcf.gz /home/lchanem1/data-abattle4/lakshmi/cuomo_2020/monopogen_output/zihe_1-results/germline/chr22.phased.vcf.gz -O z -o /home/lchanem1/data-abattle4/lakshmi/cuomo_2020/monopogen_output/zihe_1-results/germline/temp_concat.phased.vcf.gz
rm: cannot remove '/home/lchanem1/data-abattle4/lakshmi/cuomo_2020/monopogen_output/zihe_1-results/germline/*.tbi': No such file or directory
bcftools index /home/lchanem1/data-abattle4/lakshmi/cuomo_2020/monopogen_output/zihe_1-results/germline/temp_concat.phased.vcf.gz -t

Concatenated all chromosomes

Processing file /home/lchanem1/data-abattle4/lakshmi/cuomo_2020/monopogen_output/zihe_1-results/germline/temp_concat.phased.vcf.gz for zihe_1

Finished modifying chrs in file

Modified sample names to match HIPSCI

****END OF zihe_1 PROCESSING...ready for results***


bcftools index /home/lchanem1/data-abattle4/lakshmi/cuomo_2020/monopogen_output/iisa_3-results/germline/chr1.phased.vcf.gz -t
bcftools index /home/lchanem1/data-abattle4/lakshmi/cuomo_2020/monopogen_output/iisa_3-results/germline/chr2.phased.vcf.gz -t
bcftools index /home/lchanem1/data-abattle4/lakshmi/cuomo_2020/monopogen_output/iisa_3-results/germline/chr3.phased.vcf.gz -t
bcftools index /home/lchanem1/data-abattle4/lakshmi/cuomo_2020/monopogen_output/iisa_3-results/germline/chr4.phased.vcf.gz -t
bcftools index /home/lchanem1/data-abattle4/lakshmi/cuomo_2020/monopogen_output/iisa_3-results/germline/chr5.phased.vcf.gz -t
bcftools index /home/lchanem1/data-abattle4/lakshmi/cuomo_2020/monopogen_output/iisa_3-results/germline/chr6.phased.vcf.gz -t
bcftools index /home/lchanem1/data-abattle4/lakshmi/cuomo_2020/monopogen_output/iisa_3-results/germline/chr7.phased.vcf.gz -t
bcftools index /home/lchanem1/data-abattle4/lakshmi/cuomo_2020/monopogen_output/iisa_3-results/germline/chr8.phased.vcf.gz -t
bcftools index /home/lchanem1/data-abattle4/lakshmi/cuomo_2020/monopogen_output/iisa_3-results/germline/chr9.phased.vcf.gz -t
bcftools index /home/lchanem1/data-abattle4/lakshmi/cuomo_2020/monopogen_output/iisa_3-results/germline/chr10.phased.vcf.gz -t
bcftools index /home/lchanem1/data-abattle4/lakshmi/cuomo_2020/monopogen_output/iisa_3-results/germline/chr11.phased.vcf.gz -t
bcftools index /home/lchanem1/data-abattle4/lakshmi/cuomo_2020/monopogen_output/iisa_3-results/germline/chr12.phased.vcf.gz -t
bcftools index /home/lchanem1/data-abattle4/lakshmi/cuomo_2020/monopogen_output/iisa_3-results/germline/chr13.phased.vcf.gz -t
bcftools index /home/lchanem1/data-abattle4/lakshmi/cuomo_2020/monopogen_output/iisa_3-results/germline/chr14.phased.vcf.gz -t
bcftools index /home/lchanem1/data-abattle4/lakshmi/cuomo_2020/monopogen_output/iisa_3-results/germline/chr15.phased.vcf.gz -t
bcftools index /home/lchanem1/data-abattle4/lakshmi/cuomo_2020/monopogen_output/iisa_3-results/germline/chr16.phased.vcf.gz -t
bcftools index /home/lchanem1/data-abattle4/lakshmi/cuomo_2020/monopogen_output/iisa_3-results/germline/chr17.phased.vcf.gz -t
bcftools index /home/lchanem1/data-abattle4/lakshmi/cuomo_2020/monopogen_output/iisa_3-results/germline/chr18.phased.vcf.gz -t
bcftools index /home/lchanem1/data-abattle4/lakshmi/cuomo_2020/monopogen_output/iisa_3-results/germline/chr19.phased.vcf.gz -t
bcftools index /home/lchanem1/data-abattle4/lakshmi/cuomo_2020/monopogen_output/iisa_3-results/germline/chr20.phased.vcf.gz -t
bcftools index /home/lchanem1/data-abattle4/lakshmi/cuomo_2020/monopogen_output/iisa_3-results/germline/chr21.phased.vcf.gz -t
bcftools index /home/lchanem1/data-abattle4/lakshmi/cuomo_2020/monopogen_output/iisa_3-results/germline/chr22.phased.vcf.gz -t
bcftools concat /home/lchanem1/data-abattle4/lakshmi/cuomo_2020/monopogen_output/iisa_3-results/germline/chr1.phased.vcf.gz /home/lchanem1/data-abattle4/lakshmi/cuomo_2020/monopogen_output/iisa_3-results/germline/chr2.phased.vcf.gz /home/lchanem1/data-abattle4/lakshmi/cuomo_2020/monopogen_output/iisa_3-results/germline/chr3.phased.vcf.gz /home/lchanem1/data-abattle4/lakshmi/cuomo_2020/monopogen_output/iisa_3-results/germline/chr4.phased.vcf.gz /home/lchanem1/data-abattle4/lakshmi/cuomo_2020/monopogen_output/iisa_3-results/germline/chr5.phased.vcf.gz /home/lchanem1/data-abattle4/lakshmi/cuomo_2020/monopogen_output/iisa_3-results/germline/chr6.phased.vcf.gz /home/lchanem1/data-abattle4/lakshmi/cuomo_2020/monopogen_output/iisa_3-results/germline/chr7.phased.vcf.gz /home/lchanem1/data-abattle4/lakshmi/cuomo_2020/monopogen_output/iisa_3-results/germline/chr8.phased.vcf.gz /home/lchanem1/data-abattle4/lakshmi/cuomo_2020/monopogen_output/iisa_3-results/germline/chr9.phased.vcf.gz /home/lchanem1/data-abattle4/lakshmi/cuomo_2020/monopogen_output/iisa_3-results/germline/chr10.phased.vcf.gz /home/lchanem1/data-abattle4/lakshmi/cuomo_2020/monopogen_output/iisa_3-results/germline/chr11.phased.vcf.gz /home/lchanem1/data-abattle4/lakshmi/cuomo_2020/monopogen_output/iisa_3-results/germline/chr12.phased.vcf.gz /home/lchanem1/data-abattle4/lakshmi/cuomo_2020/monopogen_output/iisa_3-results/germline/chr13.phased.vcf.gz /home/lchanem1/data-abattle4/lakshmi/cuomo_2020/monopogen_output/iisa_3-results/germline/chr14.phased.vcf.gz /home/lchanem1/data-abattle4/lakshmi/cuomo_2020/monopogen_output/iisa_3-results/germline/chr15.phased.vcf.gz /home/lchanem1/data-abattle4/lakshmi/cuomo_2020/monopogen_output/iisa_3-results/germline/chr16.phased.vcf.gz /home/lchanem1/data-abattle4/lakshmi/cuomo_2020/monopogen_output/iisa_3-results/germline/chr17.phased.vcf.gz /home/lchanem1/data-abattle4/lakshmi/cuomo_2020/monopogen_output/iisa_3-results/germline/chr18.phased.vcf.gz /home/lchanem1/data-abattle4/lakshmi/cuomo_2020/monopogen_output/iisa_3-results/germline/chr19.phased.vcf.gz /home/lchanem1/data-abattle4/lakshmi/cuomo_2020/monopogen_output/iisa_3-results/germline/chr20.phased.vcf.gz /home/lchanem1/data-abattle4/lakshmi/cuomo_2020/monopogen_output/iisa_3-results/germline/chr21.phased.vcf.gz /home/lchanem1/data-abattle4/lakshmi/cuomo_2020/monopogen_output/iisa_3-results/germline/chr22.phased.vcf.gz -O z -o /home/lchanem1/data-abattle4/lakshmi/cuomo_2020/monopogen_output/iisa_3-results/germline/temp_concat.phased.vcf.gz
rm: cannot remove '/home/lchanem1/data-abattle4/lakshmi/cuomo_2020/monopogen_output/iisa_3-results/germline/*.tbi': No such file or directory
bcftools index /home/lchanem1/data-abattle4/lakshmi/cuomo_2020/monopogen_output/iisa_3-results/germline/temp_concat.phased.vcf.gz -t

Concatenated all chromosomes

Processing file /home/lchanem1/data-abattle4/lakshmi/cuomo_2020/monopogen_output/iisa_3-results/germline/temp_concat.phased.vcf.gz for iisa_3

Finished modifying chrs in file

Modified sample names to match HIPSCI

****END OF iisa_3 PROCESSING...ready for results***


bcftools index /home/lchanem1/data-abattle4/lakshmi/cuomo_2020/monopogen_output/uilk_3-results/germline/chr1.phased.vcf.gz -t
bcftools index /home/lchanem1/data-abattle4/lakshmi/cuomo_2020/monopogen_output/uilk_3-results/germline/chr2.phased.vcf.gz -t
bcftools index /home/lchanem1/data-abattle4/lakshmi/cuomo_2020/monopogen_output/uilk_3-results/germline/chr3.phased.vcf.gz -t
bcftools index /home/lchanem1/data-abattle4/lakshmi/cuomo_2020/monopogen_output/uilk_3-results/germline/chr4.phased.vcf.gz -t
bcftools index /home/lchanem1/data-abattle4/lakshmi/cuomo_2020/monopogen_output/uilk_3-results/germline/chr5.phased.vcf.gz -t
bcftools index /home/lchanem1/data-abattle4/lakshmi/cuomo_2020/monopogen_output/uilk_3-results/germline/chr6.phased.vcf.gz -t
bcftools index /home/lchanem1/data-abattle4/lakshmi/cuomo_2020/monopogen_output/uilk_3-results/germline/chr7.phased.vcf.gz -t
bcftools index /home/lchanem1/data-abattle4/lakshmi/cuomo_2020/monopogen_output/uilk_3-results/germline/chr8.phased.vcf.gz -t
bcftools index /home/lchanem1/data-abattle4/lakshmi/cuomo_2020/monopogen_output/uilk_3-results/germline/chr9.phased.vcf.gz -t
bcftools index /home/lchanem1/data-abattle4/lakshmi/cuomo_2020/monopogen_output/uilk_3-results/germline/chr10.phased.vcf.gz -t
bcftools index /home/lchanem1/data-abattle4/lakshmi/cuomo_2020/monopogen_output/uilk_3-results/germline/chr11.phased.vcf.gz -t
bcftools index /home/lchanem1/data-abattle4/lakshmi/cuomo_2020/monopogen_output/uilk_3-results/germline/chr12.phased.vcf.gz -t
bcftools index /home/lchanem1/data-abattle4/lakshmi/cuomo_2020/monopogen_output/uilk_3-results/germline/chr13.phased.vcf.gz -t
bcftools index /home/lchanem1/data-abattle4/lakshmi/cuomo_2020/monopogen_output/uilk_3-results/germline/chr14.phased.vcf.gz -t
bcftools index /home/lchanem1/data-abattle4/lakshmi/cuomo_2020/monopogen_output/uilk_3-results/germline/chr15.phased.vcf.gz -t
bcftools index /home/lchanem1/data-abattle4/lakshmi/cuomo_2020/monopogen_output/uilk_3-results/germline/chr16.phased.vcf.gz -t
bcftools index /home/lchanem1/data-abattle4/lakshmi/cuomo_2020/monopogen_output/uilk_3-results/germline/chr17.phased.vcf.gz -t
bcftools index /home/lchanem1/data-abattle4/lakshmi/cuomo_2020/monopogen_output/uilk_3-results/germline/chr18.phased.vcf.gz -t
bcftools index /home/lchanem1/data-abattle4/lakshmi/cuomo_2020/monopogen_output/uilk_3-results/germline/chr19.phased.vcf.gz -t
bcftools index /home/lchanem1/data-abattle4/lakshmi/cuomo_2020/monopogen_output/uilk_3-results/germline/chr20.phased.vcf.gz -t
bcftools index /home/lchanem1/data-abattle4/lakshmi/cuomo_2020/monopogen_output/uilk_3-results/germline/chr21.phased.vcf.gz -t
bcftools index /home/lchanem1/data-abattle4/lakshmi/cuomo_2020/monopogen_output/uilk_3-results/germline/chr22.phased.vcf.gz -t
bcftools concat /home/lchanem1/data-abattle4/lakshmi/cuomo_2020/monopogen_output/uilk_3-results/germline/chr1.phased.vcf.gz /home/lchanem1/data-abattle4/lakshmi/cuomo_2020/monopogen_output/uilk_3-results/germline/chr2.phased.vcf.gz /home/lchanem1/data-abattle4/lakshmi/cuomo_2020/monopogen_output/uilk_3-results/germline/chr3.phased.vcf.gz /home/lchanem1/data-abattle4/lakshmi/cuomo_2020/monopogen_output/uilk_3-results/germline/chr4.phased.vcf.gz /home/lchanem1/data-abattle4/lakshmi/cuomo_2020/monopogen_output/uilk_3-results/germline/chr5.phased.vcf.gz /home/lchanem1/data-abattle4/lakshmi/cuomo_2020/monopogen_output/uilk_3-results/germline/chr6.phased.vcf.gz /home/lchanem1/data-abattle4/lakshmi/cuomo_2020/monopogen_output/uilk_3-results/germline/chr7.phased.vcf.gz /home/lchanem1/data-abattle4/lakshmi/cuomo_2020/monopogen_output/uilk_3-results/germline/chr8.phased.vcf.gz /home/lchanem1/data-abattle4/lakshmi/cuomo_2020/monopogen_output/uilk_3-results/germline/chr9.phased.vcf.gz /home/lchanem1/data-abattle4/lakshmi/cuomo_2020/monopogen_output/uilk_3-results/germline/chr10.phased.vcf.gz /home/lchanem1/data-abattle4/lakshmi/cuomo_2020/monopogen_output/uilk_3-results/germline/chr11.phased.vcf.gz /home/lchanem1/data-abattle4/lakshmi/cuomo_2020/monopogen_output/uilk_3-results/germline/chr12.phased.vcf.gz /home/lchanem1/data-abattle4/lakshmi/cuomo_2020/monopogen_output/uilk_3-results/germline/chr13.phased.vcf.gz /home/lchanem1/data-abattle4/lakshmi/cuomo_2020/monopogen_output/uilk_3-results/germline/chr14.phased.vcf.gz /home/lchanem1/data-abattle4/lakshmi/cuomo_2020/monopogen_output/uilk_3-results/germline/chr15.phased.vcf.gz /home/lchanem1/data-abattle4/lakshmi/cuomo_2020/monopogen_output/uilk_3-results/germline/chr16.phased.vcf.gz /home/lchanem1/data-abattle4/lakshmi/cuomo_2020/monopogen_output/uilk_3-results/germline/chr17.phased.vcf.gz /home/lchanem1/data-abattle4/lakshmi/cuomo_2020/monopogen_output/uilk_3-results/germline/chr18.phased.vcf.gz /home/lchanem1/data-abattle4/lakshmi/cuomo_2020/monopogen_output/uilk_3-results/germline/chr19.phased.vcf.gz /home/lchanem1/data-abattle4/lakshmi/cuomo_2020/monopogen_output/uilk_3-results/germline/chr20.phased.vcf.gz /home/lchanem1/data-abattle4/lakshmi/cuomo_2020/monopogen_output/uilk_3-results/germline/chr21.phased.vcf.gz /home/lchanem1/data-abattle4/lakshmi/cuomo_2020/monopogen_output/uilk_3-results/germline/chr22.phased.vcf.gz -O z -o /home/lchanem1/data-abattle4/lakshmi/cuomo_2020/monopogen_output/uilk_3-results/germline/temp_concat.phased.vcf.gz
rm: cannot remove '/home/lchanem1/data-abattle4/lakshmi/cuomo_2020/monopogen_output/uilk_3-results/germline/*.tbi': No such file or directory
bcftools index /home/lchanem1/data-abattle4/lakshmi/cuomo_2020/monopogen_output/uilk_3-results/germline/temp_concat.phased.vcf.gz -t

Concatenated all chromosomes

Processing file /home/lchanem1/data-abattle4/lakshmi/cuomo_2020/monopogen_output/uilk_3-results/germline/temp_concat.phased.vcf.gz for uilk_3

Finished modifying chrs in file

Modified sample names to match HIPSCI

****END OF uilk_3 PROCESSING...ready for results***


bcftools index /home/lchanem1/data-abattle4/lakshmi/cuomo_2020/monopogen_output/xojn_3-results/germline/chr1.phased.vcf.gz -t
bcftools index /home/lchanem1/data-abattle4/lakshmi/cuomo_2020/monopogen_output/xojn_3-results/germline/chr2.phased.vcf.gz -t
bcftools index /home/lchanem1/data-abattle4/lakshmi/cuomo_2020/monopogen_output/xojn_3-results/germline/chr3.phased.vcf.gz -t
bcftools index /home/lchanem1/data-abattle4/lakshmi/cuomo_2020/monopogen_output/xojn_3-results/germline/chr4.phased.vcf.gz -t
bcftools index /home/lchanem1/data-abattle4/lakshmi/cuomo_2020/monopogen_output/xojn_3-results/germline/chr5.phased.vcf.gz -t
bcftools index /home/lchanem1/data-abattle4/lakshmi/cuomo_2020/monopogen_output/xojn_3-results/germline/chr6.phased.vcf.gz -t
bcftools index /home/lchanem1/data-abattle4/lakshmi/cuomo_2020/monopogen_output/xojn_3-results/germline/chr7.phased.vcf.gz -t
bcftools index /home/lchanem1/data-abattle4/lakshmi/cuomo_2020/monopogen_output/xojn_3-results/germline/chr8.phased.vcf.gz -t
bcftools index /home/lchanem1/data-abattle4/lakshmi/cuomo_2020/monopogen_output/xojn_3-results/germline/chr9.phased.vcf.gz -t
bcftools index /home/lchanem1/data-abattle4/lakshmi/cuomo_2020/monopogen_output/xojn_3-results/germline/chr10.phased.vcf.gz -t
bcftools index /home/lchanem1/data-abattle4/lakshmi/cuomo_2020/monopogen_output/xojn_3-results/germline/chr11.phased.vcf.gz -t
bcftools index /home/lchanem1/data-abattle4/lakshmi/cuomo_2020/monopogen_output/xojn_3-results/germline/chr12.phased.vcf.gz -t
bcftools index /home/lchanem1/data-abattle4/lakshmi/cuomo_2020/monopogen_output/xojn_3-results/germline/chr13.phased.vcf.gz -t
bcftools index /home/lchanem1/data-abattle4/lakshmi/cuomo_2020/monopogen_output/xojn_3-results/germline/chr14.phased.vcf.gz -t
bcftools index /home/lchanem1/data-abattle4/lakshmi/cuomo_2020/monopogen_output/xojn_3-results/germline/chr15.phased.vcf.gz -t
bcftools index /home/lchanem1/data-abattle4/lakshmi/cuomo_2020/monopogen_output/xojn_3-results/germline/chr16.phased.vcf.gz -t
bcftools index /home/lchanem1/data-abattle4/lakshmi/cuomo_2020/monopogen_output/xojn_3-results/germline/chr17.phased.vcf.gz -t
bcftools index /home/lchanem1/data-abattle4/lakshmi/cuomo_2020/monopogen_output/xojn_3-results/germline/chr18.phased.vcf.gz -t
bcftools index /home/lchanem1/data-abattle4/lakshmi/cuomo_2020/monopogen_output/xojn_3-results/germline/chr19.phased.vcf.gz -t
bcftools index /home/lchanem1/data-abattle4/lakshmi/cuomo_2020/monopogen_output/xojn_3-results/germline/chr20.phased.vcf.gz -t
bcftools index /home/lchanem1/data-abattle4/lakshmi/cuomo_2020/monopogen_output/xojn_3-results/germline/chr21.phased.vcf.gz -t
bcftools index /home/lchanem1/data-abattle4/lakshmi/cuomo_2020/monopogen_output/xojn_3-results/germline/chr22.phased.vcf.gz -t
bcftools concat /home/lchanem1/data-abattle4/lakshmi/cuomo_2020/monopogen_output/xojn_3-results/germline/chr1.phased.vcf.gz /home/lchanem1/data-abattle4/lakshmi/cuomo_2020/monopogen_output/xojn_3-results/germline/chr2.phased.vcf.gz /home/lchanem1/data-abattle4/lakshmi/cuomo_2020/monopogen_output/xojn_3-results/germline/chr3.phased.vcf.gz /home/lchanem1/data-abattle4/lakshmi/cuomo_2020/monopogen_output/xojn_3-results/germline/chr4.phased.vcf.gz /home/lchanem1/data-abattle4/lakshmi/cuomo_2020/monopogen_output/xojn_3-results/germline/chr5.phased.vcf.gz /home/lchanem1/data-abattle4/lakshmi/cuomo_2020/monopogen_output/xojn_3-results/germline/chr6.phased.vcf.gz /home/lchanem1/data-abattle4/lakshmi/cuomo_2020/monopogen_output/xojn_3-results/germline/chr7.phased.vcf.gz /home/lchanem1/data-abattle4/lakshmi/cuomo_2020/monopogen_output/xojn_3-results/germline/chr8.phased.vcf.gz /home/lchanem1/data-abattle4/lakshmi/cuomo_2020/monopogen_output/xojn_3-results/germline/chr9.phased.vcf.gz /home/lchanem1/data-abattle4/lakshmi/cuomo_2020/monopogen_output/xojn_3-results/germline/chr10.phased.vcf.gz /home/lchanem1/data-abattle4/lakshmi/cuomo_2020/monopogen_output/xojn_3-results/germline/chr11.phased.vcf.gz /home/lchanem1/data-abattle4/lakshmi/cuomo_2020/monopogen_output/xojn_3-results/germline/chr12.phased.vcf.gz /home/lchanem1/data-abattle4/lakshmi/cuomo_2020/monopogen_output/xojn_3-results/germline/chr13.phased.vcf.gz /home/lchanem1/data-abattle4/lakshmi/cuomo_2020/monopogen_output/xojn_3-results/germline/chr14.phased.vcf.gz /home/lchanem1/data-abattle4/lakshmi/cuomo_2020/monopogen_output/xojn_3-results/germline/chr15.phased.vcf.gz /home/lchanem1/data-abattle4/lakshmi/cuomo_2020/monopogen_output/xojn_3-results/germline/chr16.phased.vcf.gz /home/lchanem1/data-abattle4/lakshmi/cuomo_2020/monopogen_output/xojn_3-results/germline/chr17.phased.vcf.gz /home/lchanem1/data-abattle4/lakshmi/cuomo_2020/monopogen_output/xojn_3-results/germline/chr18.phased.vcf.gz /home/lchanem1/data-abattle4/lakshmi/cuomo_2020/monopogen_output/xojn_3-results/germline/chr19.phased.vcf.gz /home/lchanem1/data-abattle4/lakshmi/cuomo_2020/monopogen_output/xojn_3-results/germline/chr20.phased.vcf.gz /home/lchanem1/data-abattle4/lakshmi/cuomo_2020/monopogen_output/xojn_3-results/germline/chr21.phased.vcf.gz /home/lchanem1/data-abattle4/lakshmi/cuomo_2020/monopogen_output/xojn_3-results/germline/chr22.phased.vcf.gz -O z -o /home/lchanem1/data-abattle4/lakshmi/cuomo_2020/monopogen_output/xojn_3-results/germline/temp_concat.phased.vcf.gz
rm: cannot remove '/home/lchanem1/data-abattle4/lakshmi/cuomo_2020/monopogen_output/xojn_3-results/germline/*.tbi': No such file or directory
bcftools index /home/lchanem1/data-abattle4/lakshmi/cuomo_2020/monopogen_output/xojn_3-results/germline/temp_concat.phased.vcf.gz -t

Concatenated all chromosomes

Processing file /home/lchanem1/data-abattle4/lakshmi/cuomo_2020/monopogen_output/xojn_3-results/germline/temp_concat.phased.vcf.gz for xojn_3

Finished modifying chrs in file

Modified sample names to match HIPSCI

****END OF xojn_3 PROCESSING...ready for results***


bcftools index /home/lchanem1/data-abattle4/lakshmi/cuomo_2020/monopogen_output/qehq_3-results/germline/chr1.phased.vcf.gz -t
bcftools index /home/lchanem1/data-abattle4/lakshmi/cuomo_2020/monopogen_output/qehq_3-results/germline/chr2.phased.vcf.gz -t
bcftools index /home/lchanem1/data-abattle4/lakshmi/cuomo_2020/monopogen_output/qehq_3-results/germline/chr3.phased.vcf.gz -t
bcftools index /home/lchanem1/data-abattle4/lakshmi/cuomo_2020/monopogen_output/qehq_3-results/germline/chr4.phased.vcf.gz -t
bcftools index /home/lchanem1/data-abattle4/lakshmi/cuomo_2020/monopogen_output/qehq_3-results/germline/chr5.phased.vcf.gz -t
bcftools index /home/lchanem1/data-abattle4/lakshmi/cuomo_2020/monopogen_output/qehq_3-results/germline/chr6.phased.vcf.gz -t
bcftools index /home/lchanem1/data-abattle4/lakshmi/cuomo_2020/monopogen_output/qehq_3-results/germline/chr7.phased.vcf.gz -t
bcftools index /home/lchanem1/data-abattle4/lakshmi/cuomo_2020/monopogen_output/qehq_3-results/germline/chr8.phased.vcf.gz -t
bcftools index /home/lchanem1/data-abattle4/lakshmi/cuomo_2020/monopogen_output/qehq_3-results/germline/chr9.phased.vcf.gz -t
bcftools index /home/lchanem1/data-abattle4/lakshmi/cuomo_2020/monopogen_output/qehq_3-results/germline/chr10.phased.vcf.gz -t
bcftools index /home/lchanem1/data-abattle4/lakshmi/cuomo_2020/monopogen_output/qehq_3-results/germline/chr11.phased.vcf.gz -t
bcftools index /home/lchanem1/data-abattle4/lakshmi/cuomo_2020/monopogen_output/qehq_3-results/germline/chr12.phased.vcf.gz -t
bcftools index /home/lchanem1/data-abattle4/lakshmi/cuomo_2020/monopogen_output/qehq_3-results/germline/chr13.phased.vcf.gz -t
bcftools index /home/lchanem1/data-abattle4/lakshmi/cuomo_2020/monopogen_output/qehq_3-results/germline/chr14.phased.vcf.gz -t
bcftools index /home/lchanem1/data-abattle4/lakshmi/cuomo_2020/monopogen_output/qehq_3-results/germline/chr15.phased.vcf.gz -t
bcftools index /home/lchanem1/data-abattle4/lakshmi/cuomo_2020/monopogen_output/qehq_3-results/germline/chr16.phased.vcf.gz -t
bcftools index /home/lchanem1/data-abattle4/lakshmi/cuomo_2020/monopogen_output/qehq_3-results/germline/chr17.phased.vcf.gz -t
bcftools index /home/lchanem1/data-abattle4/lakshmi/cuomo_2020/monopogen_output/qehq_3-results/germline/chr18.phased.vcf.gz -t
bcftools index /home/lchanem1/data-abattle4/lakshmi/cuomo_2020/monopogen_output/qehq_3-results/germline/chr19.phased.vcf.gz -t
bcftools index /home/lchanem1/data-abattle4/lakshmi/cuomo_2020/monopogen_output/qehq_3-results/germline/chr20.phased.vcf.gz -t
bcftools index /home/lchanem1/data-abattle4/lakshmi/cuomo_2020/monopogen_output/qehq_3-results/germline/chr21.phased.vcf.gz -t
bcftools index /home/lchanem1/data-abattle4/lakshmi/cuomo_2020/monopogen_output/qehq_3-results/germline/chr22.phased.vcf.gz -t
bcftools concat /home/lchanem1/data-abattle4/lakshmi/cuomo_2020/monopogen_output/qehq_3-results/germline/chr1.phased.vcf.gz /home/lchanem1/data-abattle4/lakshmi/cuomo_2020/monopogen_output/qehq_3-results/germline/chr2.phased.vcf.gz /home/lchanem1/data-abattle4/lakshmi/cuomo_2020/monopogen_output/qehq_3-results/germline/chr3.phased.vcf.gz /home/lchanem1/data-abattle4/lakshmi/cuomo_2020/monopogen_output/qehq_3-results/germline/chr4.phased.vcf.gz /home/lchanem1/data-abattle4/lakshmi/cuomo_2020/monopogen_output/qehq_3-results/germline/chr5.phased.vcf.gz /home/lchanem1/data-abattle4/lakshmi/cuomo_2020/monopogen_output/qehq_3-results/germline/chr6.phased.vcf.gz /home/lchanem1/data-abattle4/lakshmi/cuomo_2020/monopogen_output/qehq_3-results/germline/chr7.phased.vcf.gz /home/lchanem1/data-abattle4/lakshmi/cuomo_2020/monopogen_output/qehq_3-results/germline/chr8.phased.vcf.gz /home/lchanem1/data-abattle4/lakshmi/cuomo_2020/monopogen_output/qehq_3-results/germline/chr9.phased.vcf.gz /home/lchanem1/data-abattle4/lakshmi/cuomo_2020/monopogen_output/qehq_3-results/germline/chr10.phased.vcf.gz /home/lchanem1/data-abattle4/lakshmi/cuomo_2020/monopogen_output/qehq_3-results/germline/chr11.phased.vcf.gz /home/lchanem1/data-abattle4/lakshmi/cuomo_2020/monopogen_output/qehq_3-results/germline/chr12.phased.vcf.gz /home/lchanem1/data-abattle4/lakshmi/cuomo_2020/monopogen_output/qehq_3-results/germline/chr13.phased.vcf.gz /home/lchanem1/data-abattle4/lakshmi/cuomo_2020/monopogen_output/qehq_3-results/germline/chr14.phased.vcf.gz /home/lchanem1/data-abattle4/lakshmi/cuomo_2020/monopogen_output/qehq_3-results/germline/chr15.phased.vcf.gz /home/lchanem1/data-abattle4/lakshmi/cuomo_2020/monopogen_output/qehq_3-results/germline/chr16.phased.vcf.gz /home/lchanem1/data-abattle4/lakshmi/cuomo_2020/monopogen_output/qehq_3-results/germline/chr17.phased.vcf.gz /home/lchanem1/data-abattle4/lakshmi/cuomo_2020/monopogen_output/qehq_3-results/germline/chr18.phased.vcf.gz /home/lchanem1/data-abattle4/lakshmi/cuomo_2020/monopogen_output/qehq_3-results/germline/chr19.phased.vcf.gz /home/lchanem1/data-abattle4/lakshmi/cuomo_2020/monopogen_output/qehq_3-results/germline/chr20.phased.vcf.gz /home/lchanem1/data-abattle4/lakshmi/cuomo_2020/monopogen_output/qehq_3-results/germline/chr21.phased.vcf.gz /home/lchanem1/data-abattle4/lakshmi/cuomo_2020/monopogen_output/qehq_3-results/germline/chr22.phased.vcf.gz -O z -o /home/lchanem1/data-abattle4/lakshmi/cuomo_2020/monopogen_output/qehq_3-results/germline/temp_concat.phased.vcf.gz
rm: cannot remove '/home/lchanem1/data-abattle4/lakshmi/cuomo_2020/monopogen_output/qehq_3-results/germline/*.tbi': No such file or directory
bcftools index /home/lchanem1/data-abattle4/lakshmi/cuomo_2020/monopogen_output/qehq_3-results/germline/temp_concat.phased.vcf.gz -t

Concatenated all chromosomes

Processing file /home/lchanem1/data-abattle4/lakshmi/cuomo_2020/monopogen_output/qehq_3-results/germline/temp_concat.phased.vcf.gz for qehq_3

Finished modifying chrs in file

Modified sample names to match HIPSCI

****END OF qehq_3 PROCESSING...ready for results***


bcftools index /home/lchanem1/data-abattle4/lakshmi/cuomo_2020/monopogen_output/sojd_3-results/germline/chr1.phased.vcf.gz -t
bcftools index /home/lchanem1/data-abattle4/lakshmi/cuomo_2020/monopogen_output/sojd_3-results/germline/chr2.phased.vcf.gz -t
bcftools index /home/lchanem1/data-abattle4/lakshmi/cuomo_2020/monopogen_output/sojd_3-results/germline/chr3.phased.vcf.gz -t
bcftools index /home/lchanem1/data-abattle4/lakshmi/cuomo_2020/monopogen_output/sojd_3-results/germline/chr4.phased.vcf.gz -t
bcftools index /home/lchanem1/data-abattle4/lakshmi/cuomo_2020/monopogen_output/sojd_3-results/germline/chr5.phased.vcf.gz -t
bcftools index /home/lchanem1/data-abattle4/lakshmi/cuomo_2020/monopogen_output/sojd_3-results/germline/chr6.phased.vcf.gz -t
bcftools index /home/lchanem1/data-abattle4/lakshmi/cuomo_2020/monopogen_output/sojd_3-results/germline/chr7.phased.vcf.gz -t
bcftools index /home/lchanem1/data-abattle4/lakshmi/cuomo_2020/monopogen_output/sojd_3-results/germline/chr8.phased.vcf.gz -t
bcftools index /home/lchanem1/data-abattle4/lakshmi/cuomo_2020/monopogen_output/sojd_3-results/germline/chr9.phased.vcf.gz -t
bcftools index /home/lchanem1/data-abattle4/lakshmi/cuomo_2020/monopogen_output/sojd_3-results/germline/chr10.phased.vcf.gz -t
bcftools index /home/lchanem1/data-abattle4/lakshmi/cuomo_2020/monopogen_output/sojd_3-results/germline/chr11.phased.vcf.gz -t
bcftools index /home/lchanem1/data-abattle4/lakshmi/cuomo_2020/monopogen_output/sojd_3-results/germline/chr12.phased.vcf.gz -t
bcftools index /home/lchanem1/data-abattle4/lakshmi/cuomo_2020/monopogen_output/sojd_3-results/germline/chr13.phased.vcf.gz -t
bcftools index /home/lchanem1/data-abattle4/lakshmi/cuomo_2020/monopogen_output/sojd_3-results/germline/chr14.phased.vcf.gz -t
bcftools index /home/lchanem1/data-abattle4/lakshmi/cuomo_2020/monopogen_output/sojd_3-results/germline/chr15.phased.vcf.gz -t
bcftools index /home/lchanem1/data-abattle4/lakshmi/cuomo_2020/monopogen_output/sojd_3-results/germline/chr16.phased.vcf.gz -t
bcftools index /home/lchanem1/data-abattle4/lakshmi/cuomo_2020/monopogen_output/sojd_3-results/germline/chr17.phased.vcf.gz -t
bcftools index /home/lchanem1/data-abattle4/lakshmi/cuomo_2020/monopogen_output/sojd_3-results/germline/chr18.phased.vcf.gz -t
bcftools index /home/lchanem1/data-abattle4/lakshmi/cuomo_2020/monopogen_output/sojd_3-results/germline/chr19.phased.vcf.gz -t
bcftools index /home/lchanem1/data-abattle4/lakshmi/cuomo_2020/monopogen_output/sojd_3-results/germline/chr20.phased.vcf.gz -t
bcftools index /home/lchanem1/data-abattle4/lakshmi/cuomo_2020/monopogen_output/sojd_3-results/germline/chr21.phased.vcf.gz -t
bcftools index /home/lchanem1/data-abattle4/lakshmi/cuomo_2020/monopogen_output/sojd_3-results/germline/chr22.phased.vcf.gz -t
bcftools concat /home/lchanem1/data-abattle4/lakshmi/cuomo_2020/monopogen_output/sojd_3-results/germline/chr1.phased.vcf.gz /home/lchanem1/data-abattle4/lakshmi/cuomo_2020/monopogen_output/sojd_3-results/germline/chr2.phased.vcf.gz /home/lchanem1/data-abattle4/lakshmi/cuomo_2020/monopogen_output/sojd_3-results/germline/chr3.phased.vcf.gz /home/lchanem1/data-abattle4/lakshmi/cuomo_2020/monopogen_output/sojd_3-results/germline/chr4.phased.vcf.gz /home/lchanem1/data-abattle4/lakshmi/cuomo_2020/monopogen_output/sojd_3-results/germline/chr5.phased.vcf.gz /home/lchanem1/data-abattle4/lakshmi/cuomo_2020/monopogen_output/sojd_3-results/germline/chr6.phased.vcf.gz /home/lchanem1/data-abattle4/lakshmi/cuomo_2020/monopogen_output/sojd_3-results/germline/chr7.phased.vcf.gz /home/lchanem1/data-abattle4/lakshmi/cuomo_2020/monopogen_output/sojd_3-results/germline/chr8.phased.vcf.gz /home/lchanem1/data-abattle4/lakshmi/cuomo_2020/monopogen_output/sojd_3-results/germline/chr9.phased.vcf.gz /home/lchanem1/data-abattle4/lakshmi/cuomo_2020/monopogen_output/sojd_3-results/germline/chr10.phased.vcf.gz /home/lchanem1/data-abattle4/lakshmi/cuomo_2020/monopogen_output/sojd_3-results/germline/chr11.phased.vcf.gz /home/lchanem1/data-abattle4/lakshmi/cuomo_2020/monopogen_output/sojd_3-results/germline/chr12.phased.vcf.gz /home/lchanem1/data-abattle4/lakshmi/cuomo_2020/monopogen_output/sojd_3-results/germline/chr13.phased.vcf.gz /home/lchanem1/data-abattle4/lakshmi/cuomo_2020/monopogen_output/sojd_3-results/germline/chr14.phased.vcf.gz /home/lchanem1/data-abattle4/lakshmi/cuomo_2020/monopogen_output/sojd_3-results/germline/chr15.phased.vcf.gz /home/lchanem1/data-abattle4/lakshmi/cuomo_2020/monopogen_output/sojd_3-results/germline/chr16.phased.vcf.gz /home/lchanem1/data-abattle4/lakshmi/cuomo_2020/monopogen_output/sojd_3-results/germline/chr17.phased.vcf.gz /home/lchanem1/data-abattle4/lakshmi/cuomo_2020/monopogen_output/sojd_3-results/germline/chr18.phased.vcf.gz /home/lchanem1/data-abattle4/lakshmi/cuomo_2020/monopogen_output/sojd_3-results/germline/chr19.phased.vcf.gz /home/lchanem1/data-abattle4/lakshmi/cuomo_2020/monopogen_output/sojd_3-results/germline/chr20.phased.vcf.gz /home/lchanem1/data-abattle4/lakshmi/cuomo_2020/monopogen_output/sojd_3-results/germline/chr21.phased.vcf.gz /home/lchanem1/data-abattle4/lakshmi/cuomo_2020/monopogen_output/sojd_3-results/germline/chr22.phased.vcf.gz -O z -o /home/lchanem1/data-abattle4/lakshmi/cuomo_2020/monopogen_output/sojd_3-results/germline/temp_concat.phased.vcf.gz
rm: cannot remove '/home/lchanem1/data-abattle4/lakshmi/cuomo_2020/monopogen_output/sojd_3-results/germline/*.tbi': No such file or directory
bcftools index /home/lchanem1/data-abattle4/lakshmi/cuomo_2020/monopogen_output/sojd_3-results/germline/temp_concat.phased.vcf.gz -t

Concatenated all chromosomes

Processing file /home/lchanem1/data-abattle4/lakshmi/cuomo_2020/monopogen_output/sojd_3-results/germline/temp_concat.phased.vcf.gz for sojd_3

Finished modifying chrs in file

Modified sample names to match HIPSCI

****END OF sojd_3 PROCESSING...ready for results***


bcftools index /home/lchanem1/data-abattle4/lakshmi/cuomo_2020/monopogen_output/eipl_1-results/germline/chr1.phased.vcf.gz -t
bcftools index /home/lchanem1/data-abattle4/lakshmi/cuomo_2020/monopogen_output/eipl_1-results/germline/chr2.phased.vcf.gz -t
bcftools index /home/lchanem1/data-abattle4/lakshmi/cuomo_2020/monopogen_output/eipl_1-results/germline/chr3.phased.vcf.gz -t
bcftools index /home/lchanem1/data-abattle4/lakshmi/cuomo_2020/monopogen_output/eipl_1-results/germline/chr4.phased.vcf.gz -t
bcftools index /home/lchanem1/data-abattle4/lakshmi/cuomo_2020/monopogen_output/eipl_1-results/germline/chr5.phased.vcf.gz -t
bcftools index /home/lchanem1/data-abattle4/lakshmi/cuomo_2020/monopogen_output/eipl_1-results/germline/chr6.phased.vcf.gz -t
bcftools index /home/lchanem1/data-abattle4/lakshmi/cuomo_2020/monopogen_output/eipl_1-results/germline/chr7.phased.vcf.gz -t
bcftools index /home/lchanem1/data-abattle4/lakshmi/cuomo_2020/monopogen_output/eipl_1-results/germline/chr8.phased.vcf.gz -t
bcftools index /home/lchanem1/data-abattle4/lakshmi/cuomo_2020/monopogen_output/eipl_1-results/germline/chr9.phased.vcf.gz -t
bcftools index /home/lchanem1/data-abattle4/lakshmi/cuomo_2020/monopogen_output/eipl_1-results/germline/chr10.phased.vcf.gz -t
bcftools index /home/lchanem1/data-abattle4/lakshmi/cuomo_2020/monopogen_output/eipl_1-results/germline/chr11.phased.vcf.gz -t
bcftools index /home/lchanem1/data-abattle4/lakshmi/cuomo_2020/monopogen_output/eipl_1-results/germline/chr12.phased.vcf.gz -t
bcftools index /home/lchanem1/data-abattle4/lakshmi/cuomo_2020/monopogen_output/eipl_1-results/germline/chr13.phased.vcf.gz -t
bcftools index /home/lchanem1/data-abattle4/lakshmi/cuomo_2020/monopogen_output/eipl_1-results/germline/chr14.phased.vcf.gz -t
bcftools index /home/lchanem1/data-abattle4/lakshmi/cuomo_2020/monopogen_output/eipl_1-results/germline/chr15.phased.vcf.gz -t
bcftools index /home/lchanem1/data-abattle4/lakshmi/cuomo_2020/monopogen_output/eipl_1-results/germline/chr16.phased.vcf.gz -t
bcftools index /home/lchanem1/data-abattle4/lakshmi/cuomo_2020/monopogen_output/eipl_1-results/germline/chr17.phased.vcf.gz -t
bcftools index /home/lchanem1/data-abattle4/lakshmi/cuomo_2020/monopogen_output/eipl_1-results/germline/chr18.phased.vcf.gz -t
bcftools index /home/lchanem1/data-abattle4/lakshmi/cuomo_2020/monopogen_output/eipl_1-results/germline/chr19.phased.vcf.gz -t
bcftools index /home/lchanem1/data-abattle4/lakshmi/cuomo_2020/monopogen_output/eipl_1-results/germline/chr20.phased.vcf.gz -t
bcftools index /home/lchanem1/data-abattle4/lakshmi/cuomo_2020/monopogen_output/eipl_1-results/germline/chr21.phased.vcf.gz -t
bcftools index /home/lchanem1/data-abattle4/lakshmi/cuomo_2020/monopogen_output/eipl_1-results/germline/chr22.phased.vcf.gz -t
bcftools concat /home/lchanem1/data-abattle4/lakshmi/cuomo_2020/monopogen_output/eipl_1-results/germline/chr1.phased.vcf.gz /home/lchanem1/data-abattle4/lakshmi/cuomo_2020/monopogen_output/eipl_1-results/germline/chr2.phased.vcf.gz /home/lchanem1/data-abattle4/lakshmi/cuomo_2020/monopogen_output/eipl_1-results/germline/chr3.phased.vcf.gz /home/lchanem1/data-abattle4/lakshmi/cuomo_2020/monopogen_output/eipl_1-results/germline/chr4.phased.vcf.gz /home/lchanem1/data-abattle4/lakshmi/cuomo_2020/monopogen_output/eipl_1-results/germline/chr5.phased.vcf.gz /home/lchanem1/data-abattle4/lakshmi/cuomo_2020/monopogen_output/eipl_1-results/germline/chr6.phased.vcf.gz /home/lchanem1/data-abattle4/lakshmi/cuomo_2020/monopogen_output/eipl_1-results/germline/chr7.phased.vcf.gz /home/lchanem1/data-abattle4/lakshmi/cuomo_2020/monopogen_output/eipl_1-results/germline/chr8.phased.vcf.gz /home/lchanem1/data-abattle4/lakshmi/cuomo_2020/monopogen_output/eipl_1-results/germline/chr9.phased.vcf.gz /home/lchanem1/data-abattle4/lakshmi/cuomo_2020/monopogen_output/eipl_1-results/germline/chr10.phased.vcf.gz /home/lchanem1/data-abattle4/lakshmi/cuomo_2020/monopogen_output/eipl_1-results/germline/chr11.phased.vcf.gz /home/lchanem1/data-abattle4/lakshmi/cuomo_2020/monopogen_output/eipl_1-results/germline/chr12.phased.vcf.gz /home/lchanem1/data-abattle4/lakshmi/cuomo_2020/monopogen_output/eipl_1-results/germline/chr13.phased.vcf.gz /home/lchanem1/data-abattle4/lakshmi/cuomo_2020/monopogen_output/eipl_1-results/germline/chr14.phased.vcf.gz /home/lchanem1/data-abattle4/lakshmi/cuomo_2020/monopogen_output/eipl_1-results/germline/chr15.phased.vcf.gz /home/lchanem1/data-abattle4/lakshmi/cuomo_2020/monopogen_output/eipl_1-results/germline/chr16.phased.vcf.gz /home/lchanem1/data-abattle4/lakshmi/cuomo_2020/monopogen_output/eipl_1-results/germline/chr17.phased.vcf.gz /home/lchanem1/data-abattle4/lakshmi/cuomo_2020/monopogen_output/eipl_1-results/germline/chr18.phased.vcf.gz /home/lchanem1/data-abattle4/lakshmi/cuomo_2020/monopogen_output/eipl_1-results/germline/chr19.phased.vcf.gz /home/lchanem1/data-abattle4/lakshmi/cuomo_2020/monopogen_output/eipl_1-results/germline/chr20.phased.vcf.gz /home/lchanem1/data-abattle4/lakshmi/cuomo_2020/monopogen_output/eipl_1-results/germline/chr21.phased.vcf.gz /home/lchanem1/data-abattle4/lakshmi/cuomo_2020/monopogen_output/eipl_1-results/germline/chr22.phased.vcf.gz -O z -o /home/lchanem1/data-abattle4/lakshmi/cuomo_2020/monopogen_output/eipl_1-results/germline/temp_concat.phased.vcf.gz
rm: cannot remove '/home/lchanem1/data-abattle4/lakshmi/cuomo_2020/monopogen_output/eipl_1-results/germline/*.tbi': No such file or directory
bcftools index /home/lchanem1/data-abattle4/lakshmi/cuomo_2020/monopogen_output/eipl_1-results/germline/temp_concat.phased.vcf.gz -t

Concatenated all chromosomes

Processing file /home/lchanem1/data-abattle4/lakshmi/cuomo_2020/monopogen_output/eipl_1-results/germline/temp_concat.phased.vcf.gz for eipl_1

Finished modifying chrs in file

Modified sample names to match HIPSCI

****END OF eipl_1 PROCESSING...ready for results***


bcftools index /home/lchanem1/data-abattle4/lakshmi/cuomo_2020/monopogen_output/letw_1-results/germline/chr1.phased.vcf.gz -t
bcftools index /home/lchanem1/data-abattle4/lakshmi/cuomo_2020/monopogen_output/letw_1-results/germline/chr2.phased.vcf.gz -t
bcftools index /home/lchanem1/data-abattle4/lakshmi/cuomo_2020/monopogen_output/letw_1-results/germline/chr3.phased.vcf.gz -t
bcftools index /home/lchanem1/data-abattle4/lakshmi/cuomo_2020/monopogen_output/letw_1-results/germline/chr4.phased.vcf.gz -t
bcftools index /home/lchanem1/data-abattle4/lakshmi/cuomo_2020/monopogen_output/letw_1-results/germline/chr5.phased.vcf.gz -t
bcftools index /home/lchanem1/data-abattle4/lakshmi/cuomo_2020/monopogen_output/letw_1-results/germline/chr6.phased.vcf.gz -t
bcftools index /home/lchanem1/data-abattle4/lakshmi/cuomo_2020/monopogen_output/letw_1-results/germline/chr7.phased.vcf.gz -t
bcftools index /home/lchanem1/data-abattle4/lakshmi/cuomo_2020/monopogen_output/letw_1-results/germline/chr8.phased.vcf.gz -t
bcftools index /home/lchanem1/data-abattle4/lakshmi/cuomo_2020/monopogen_output/letw_1-results/germline/chr9.phased.vcf.gz -t
bcftools index /home/lchanem1/data-abattle4/lakshmi/cuomo_2020/monopogen_output/letw_1-results/germline/chr10.phased.vcf.gz -t
bcftools index /home/lchanem1/data-abattle4/lakshmi/cuomo_2020/monopogen_output/letw_1-results/germline/chr11.phased.vcf.gz -t
bcftools index /home/lchanem1/data-abattle4/lakshmi/cuomo_2020/monopogen_output/letw_1-results/germline/chr12.phased.vcf.gz -t
bcftools index /home/lchanem1/data-abattle4/lakshmi/cuomo_2020/monopogen_output/letw_1-results/germline/chr13.phased.vcf.gz -t
bcftools index /home/lchanem1/data-abattle4/lakshmi/cuomo_2020/monopogen_output/letw_1-results/germline/chr14.phased.vcf.gz -t
bcftools index /home/lchanem1/data-abattle4/lakshmi/cuomo_2020/monopogen_output/letw_1-results/germline/chr15.phased.vcf.gz -t
bcftools index /home/lchanem1/data-abattle4/lakshmi/cuomo_2020/monopogen_output/letw_1-results/germline/chr16.phased.vcf.gz -t
bcftools index /home/lchanem1/data-abattle4/lakshmi/cuomo_2020/monopogen_output/letw_1-results/germline/chr17.phased.vcf.gz -t
bcftools index /home/lchanem1/data-abattle4/lakshmi/cuomo_2020/monopogen_output/letw_1-results/germline/chr18.phased.vcf.gz -t
bcftools index /home/lchanem1/data-abattle4/lakshmi/cuomo_2020/monopogen_output/letw_1-results/germline/chr19.phased.vcf.gz -t
bcftools index /home/lchanem1/data-abattle4/lakshmi/cuomo_2020/monopogen_output/letw_1-results/germline/chr20.phased.vcf.gz -t
bcftools index /home/lchanem1/data-abattle4/lakshmi/cuomo_2020/monopogen_output/letw_1-results/germline/chr21.phased.vcf.gz -t
bcftools index /home/lchanem1/data-abattle4/lakshmi/cuomo_2020/monopogen_output/letw_1-results/germline/chr22.phased.vcf.gz -t
bcftools concat /home/lchanem1/data-abattle4/lakshmi/cuomo_2020/monopogen_output/letw_1-results/germline/chr1.phased.vcf.gz /home/lchanem1/data-abattle4/lakshmi/cuomo_2020/monopogen_output/letw_1-results/germline/chr2.phased.vcf.gz /home/lchanem1/data-abattle4/lakshmi/cuomo_2020/monopogen_output/letw_1-results/germline/chr3.phased.vcf.gz /home/lchanem1/data-abattle4/lakshmi/cuomo_2020/monopogen_output/letw_1-results/germline/chr4.phased.vcf.gz /home/lchanem1/data-abattle4/lakshmi/cuomo_2020/monopogen_output/letw_1-results/germline/chr5.phased.vcf.gz /home/lchanem1/data-abattle4/lakshmi/cuomo_2020/monopogen_output/letw_1-results/germline/chr6.phased.vcf.gz /home/lchanem1/data-abattle4/lakshmi/cuomo_2020/monopogen_output/letw_1-results/germline/chr7.phased.vcf.gz /home/lchanem1/data-abattle4/lakshmi/cuomo_2020/monopogen_output/letw_1-results/germline/chr8.phased.vcf.gz /home/lchanem1/data-abattle4/lakshmi/cuomo_2020/monopogen_output/letw_1-results/germline/chr9.phased.vcf.gz /home/lchanem1/data-abattle4/lakshmi/cuomo_2020/monopogen_output/letw_1-results/germline/chr10.phased.vcf.gz /home/lchanem1/data-abattle4/lakshmi/cuomo_2020/monopogen_output/letw_1-results/germline/chr11.phased.vcf.gz /home/lchanem1/data-abattle4/lakshmi/cuomo_2020/monopogen_output/letw_1-results/germline/chr12.phased.vcf.gz /home/lchanem1/data-abattle4/lakshmi/cuomo_2020/monopogen_output/letw_1-results/germline/chr13.phased.vcf.gz /home/lchanem1/data-abattle4/lakshmi/cuomo_2020/monopogen_output/letw_1-results/germline/chr14.phased.vcf.gz /home/lchanem1/data-abattle4/lakshmi/cuomo_2020/monopogen_output/letw_1-results/germline/chr15.phased.vcf.gz /home/lchanem1/data-abattle4/lakshmi/cuomo_2020/monopogen_output/letw_1-results/germline/chr16.phased.vcf.gz /home/lchanem1/data-abattle4/lakshmi/cuomo_2020/monopogen_output/letw_1-results/germline/chr17.phased.vcf.gz /home/lchanem1/data-abattle4/lakshmi/cuomo_2020/monopogen_output/letw_1-results/germline/chr18.phased.vcf.gz /home/lchanem1/data-abattle4/lakshmi/cuomo_2020/monopogen_output/letw_1-results/germline/chr19.phased.vcf.gz /home/lchanem1/data-abattle4/lakshmi/cuomo_2020/monopogen_output/letw_1-results/germline/chr20.phased.vcf.gz /home/lchanem1/data-abattle4/lakshmi/cuomo_2020/monopogen_output/letw_1-results/germline/chr21.phased.vcf.gz /home/lchanem1/data-abattle4/lakshmi/cuomo_2020/monopogen_output/letw_1-results/germline/chr22.phased.vcf.gz -O z -o /home/lchanem1/data-abattle4/lakshmi/cuomo_2020/monopogen_output/letw_1-results/germline/temp_concat.phased.vcf.gz
rm: cannot remove '/home/lchanem1/data-abattle4/lakshmi/cuomo_2020/monopogen_output/letw_1-results/germline/*.tbi': No such file or directory
bcftools index /home/lchanem1/data-abattle4/lakshmi/cuomo_2020/monopogen_output/letw_1-results/germline/temp_concat.phased.vcf.gz -t

Concatenated all chromosomes

Processing file /home/lchanem1/data-abattle4/lakshmi/cuomo_2020/monopogen_output/letw_1-results/germline/temp_concat.phased.vcf.gz for letw_1

Finished modifying chrs in file

Modified sample names to match HIPSCI

****END OF letw_1 PROCESSING...ready for results***


bcftools index /home/lchanem1/data-abattle4/lakshmi/cuomo_2020/monopogen_output/poih_4-results/germline/chr1.phased.vcf.gz -t
bcftools index /home/lchanem1/data-abattle4/lakshmi/cuomo_2020/monopogen_output/poih_4-results/germline/chr2.phased.vcf.gz -t
bcftools index /home/lchanem1/data-abattle4/lakshmi/cuomo_2020/monopogen_output/poih_4-results/germline/chr3.phased.vcf.gz -t
bcftools index /home/lchanem1/data-abattle4/lakshmi/cuomo_2020/monopogen_output/poih_4-results/germline/chr4.phased.vcf.gz -t
bcftools index /home/lchanem1/data-abattle4/lakshmi/cuomo_2020/monopogen_output/poih_4-results/germline/chr5.phased.vcf.gz -t
bcftools index /home/lchanem1/data-abattle4/lakshmi/cuomo_2020/monopogen_output/poih_4-results/germline/chr6.phased.vcf.gz -t
bcftools index /home/lchanem1/data-abattle4/lakshmi/cuomo_2020/monopogen_output/poih_4-results/germline/chr7.phased.vcf.gz -t
bcftools index /home/lchanem1/data-abattle4/lakshmi/cuomo_2020/monopogen_output/poih_4-results/germline/chr8.phased.vcf.gz -t
bcftools index /home/lchanem1/data-abattle4/lakshmi/cuomo_2020/monopogen_output/poih_4-results/germline/chr9.phased.vcf.gz -t
bcftools index /home/lchanem1/data-abattle4/lakshmi/cuomo_2020/monopogen_output/poih_4-results/germline/chr10.phased.vcf.gz -t
bcftools index /home/lchanem1/data-abattle4/lakshmi/cuomo_2020/monopogen_output/poih_4-results/germline/chr11.phased.vcf.gz -t
bcftools index /home/lchanem1/data-abattle4/lakshmi/cuomo_2020/monopogen_output/poih_4-results/germline/chr12.phased.vcf.gz -t
bcftools index /home/lchanem1/data-abattle4/lakshmi/cuomo_2020/monopogen_output/poih_4-results/germline/chr13.phased.vcf.gz -t
bcftools index /home/lchanem1/data-abattle4/lakshmi/cuomo_2020/monopogen_output/poih_4-results/germline/chr14.phased.vcf.gz -t
bcftools index /home/lchanem1/data-abattle4/lakshmi/cuomo_2020/monopogen_output/poih_4-results/germline/chr15.phased.vcf.gz -t
bcftools index /home/lchanem1/data-abattle4/lakshmi/cuomo_2020/monopogen_output/poih_4-results/germline/chr16.phased.vcf.gz -t
bcftools index /home/lchanem1/data-abattle4/lakshmi/cuomo_2020/monopogen_output/poih_4-results/germline/chr17.phased.vcf.gz -t
bcftools index /home/lchanem1/data-abattle4/lakshmi/cuomo_2020/monopogen_output/poih_4-results/germline/chr18.phased.vcf.gz -t
bcftools index /home/lchanem1/data-abattle4/lakshmi/cuomo_2020/monopogen_output/poih_4-results/germline/chr19.phased.vcf.gz -t
bcftools index /home/lchanem1/data-abattle4/lakshmi/cuomo_2020/monopogen_output/poih_4-results/germline/chr20.phased.vcf.gz -t
bcftools index /home/lchanem1/data-abattle4/lakshmi/cuomo_2020/monopogen_output/poih_4-results/germline/chr21.phased.vcf.gz -t
bcftools index /home/lchanem1/data-abattle4/lakshmi/cuomo_2020/monopogen_output/poih_4-results/germline/chr22.phased.vcf.gz -t
bcftools concat /home/lchanem1/data-abattle4/lakshmi/cuomo_2020/monopogen_output/poih_4-results/germline/chr1.phased.vcf.gz /home/lchanem1/data-abattle4/lakshmi/cuomo_2020/monopogen_output/poih_4-results/germline/chr2.phased.vcf.gz /home/lchanem1/data-abattle4/lakshmi/cuomo_2020/monopogen_output/poih_4-results/germline/chr3.phased.vcf.gz /home/lchanem1/data-abattle4/lakshmi/cuomo_2020/monopogen_output/poih_4-results/germline/chr4.phased.vcf.gz /home/lchanem1/data-abattle4/lakshmi/cuomo_2020/monopogen_output/poih_4-results/germline/chr5.phased.vcf.gz /home/lchanem1/data-abattle4/lakshmi/cuomo_2020/monopogen_output/poih_4-results/germline/chr6.phased.vcf.gz /home/lchanem1/data-abattle4/lakshmi/cuomo_2020/monopogen_output/poih_4-results/germline/chr7.phased.vcf.gz /home/lchanem1/data-abattle4/lakshmi/cuomo_2020/monopogen_output/poih_4-results/germline/chr8.phased.vcf.gz /home/lchanem1/data-abattle4/lakshmi/cuomo_2020/monopogen_output/poih_4-results/germline/chr9.phased.vcf.gz /home/lchanem1/data-abattle4/lakshmi/cuomo_2020/monopogen_output/poih_4-results/germline/chr10.phased.vcf.gz /home/lchanem1/data-abattle4/lakshmi/cuomo_2020/monopogen_output/poih_4-results/germline/chr11.phased.vcf.gz /home/lchanem1/data-abattle4/lakshmi/cuomo_2020/monopogen_output/poih_4-results/germline/chr12.phased.vcf.gz /home/lchanem1/data-abattle4/lakshmi/cuomo_2020/monopogen_output/poih_4-results/germline/chr13.phased.vcf.gz /home/lchanem1/data-abattle4/lakshmi/cuomo_2020/monopogen_output/poih_4-results/germline/chr14.phased.vcf.gz /home/lchanem1/data-abattle4/lakshmi/cuomo_2020/monopogen_output/poih_4-results/germline/chr15.phased.vcf.gz /home/lchanem1/data-abattle4/lakshmi/cuomo_2020/monopogen_output/poih_4-results/germline/chr16.phased.vcf.gz /home/lchanem1/data-abattle4/lakshmi/cuomo_2020/monopogen_output/poih_4-results/germline/chr17.phased.vcf.gz /home/lchanem1/data-abattle4/lakshmi/cuomo_2020/monopogen_output/poih_4-results/germline/chr18.phased.vcf.gz /home/lchanem1/data-abattle4/lakshmi/cuomo_2020/monopogen_output/poih_4-results/germline/chr19.phased.vcf.gz /home/lchanem1/data-abattle4/lakshmi/cuomo_2020/monopogen_output/poih_4-results/germline/chr20.phased.vcf.gz /home/lchanem1/data-abattle4/lakshmi/cuomo_2020/monopogen_output/poih_4-results/germline/chr21.phased.vcf.gz /home/lchanem1/data-abattle4/lakshmi/cuomo_2020/monopogen_output/poih_4-results/germline/chr22.phased.vcf.gz -O z -o /home/lchanem1/data-abattle4/lakshmi/cuomo_2020/monopogen_output/poih_4-results/germline/temp_concat.phased.vcf.gz
rm: cannot remove '/home/lchanem1/data-abattle4/lakshmi/cuomo_2020/monopogen_output/poih_4-results/germline/*.tbi': No such file or directory
bcftools index /home/lchanem1/data-abattle4/lakshmi/cuomo_2020/monopogen_output/poih_4-results/germline/temp_concat.phased.vcf.gz -t

Concatenated all chromosomes

Processing file /home/lchanem1/data-abattle4/lakshmi/cuomo_2020/monopogen_output/poih_4-results/germline/temp_concat.phased.vcf.gz for poih_4

Finished modifying chrs in file

Modified sample names to match HIPSCI

****END OF poih_4 PROCESSING...ready for results***


bcftools index /home/lchanem1/data-abattle4/lakshmi/cuomo_2020/monopogen_output/joxm_1-results/germline/chr1.phased.vcf.gz -t
bcftools index /home/lchanem1/data-abattle4/lakshmi/cuomo_2020/monopogen_output/joxm_1-results/germline/chr2.phased.vcf.gz -t
bcftools index /home/lchanem1/data-abattle4/lakshmi/cuomo_2020/monopogen_output/joxm_1-results/germline/chr3.phased.vcf.gz -t
bcftools index /home/lchanem1/data-abattle4/lakshmi/cuomo_2020/monopogen_output/joxm_1-results/germline/chr4.phased.vcf.gz -t
bcftools index /home/lchanem1/data-abattle4/lakshmi/cuomo_2020/monopogen_output/joxm_1-results/germline/chr5.phased.vcf.gz -t
bcftools index /home/lchanem1/data-abattle4/lakshmi/cuomo_2020/monopogen_output/joxm_1-results/germline/chr6.phased.vcf.gz -t
bcftools index /home/lchanem1/data-abattle4/lakshmi/cuomo_2020/monopogen_output/joxm_1-results/germline/chr7.phased.vcf.gz -t
bcftools index /home/lchanem1/data-abattle4/lakshmi/cuomo_2020/monopogen_output/joxm_1-results/germline/chr8.phased.vcf.gz -t
bcftools index /home/lchanem1/data-abattle4/lakshmi/cuomo_2020/monopogen_output/joxm_1-results/germline/chr9.phased.vcf.gz -t
bcftools index /home/lchanem1/data-abattle4/lakshmi/cuomo_2020/monopogen_output/joxm_1-results/germline/chr10.phased.vcf.gz -t
bcftools index /home/lchanem1/data-abattle4/lakshmi/cuomo_2020/monopogen_output/joxm_1-results/germline/chr11.phased.vcf.gz -t
bcftools index /home/lchanem1/data-abattle4/lakshmi/cuomo_2020/monopogen_output/joxm_1-results/germline/chr12.phased.vcf.gz -t
bcftools index /home/lchanem1/data-abattle4/lakshmi/cuomo_2020/monopogen_output/joxm_1-results/germline/chr13.phased.vcf.gz -t
bcftools index /home/lchanem1/data-abattle4/lakshmi/cuomo_2020/monopogen_output/joxm_1-results/germline/chr14.phased.vcf.gz -t
bcftools index /home/lchanem1/data-abattle4/lakshmi/cuomo_2020/monopogen_output/joxm_1-results/germline/chr15.phased.vcf.gz -t
bcftools index /home/lchanem1/data-abattle4/lakshmi/cuomo_2020/monopogen_output/joxm_1-results/germline/chr16.phased.vcf.gz -t
bcftools index /home/lchanem1/data-abattle4/lakshmi/cuomo_2020/monopogen_output/joxm_1-results/germline/chr17.phased.vcf.gz -t
bcftools index /home/lchanem1/data-abattle4/lakshmi/cuomo_2020/monopogen_output/joxm_1-results/germline/chr18.phased.vcf.gz -t
bcftools index /home/lchanem1/data-abattle4/lakshmi/cuomo_2020/monopogen_output/joxm_1-results/germline/chr19.phased.vcf.gz -t
bcftools index /home/lchanem1/data-abattle4/lakshmi/cuomo_2020/monopogen_output/joxm_1-results/germline/chr20.phased.vcf.gz -t
bcftools index /home/lchanem1/data-abattle4/lakshmi/cuomo_2020/monopogen_output/joxm_1-results/germline/chr21.phased.vcf.gz -t
bcftools index /home/lchanem1/data-abattle4/lakshmi/cuomo_2020/monopogen_output/joxm_1-results/germline/chr22.phased.vcf.gz -t
bcftools concat /home/lchanem1/data-abattle4/lakshmi/cuomo_2020/monopogen_output/joxm_1-results/germline/chr1.phased.vcf.gz /home/lchanem1/data-abattle4/lakshmi/cuomo_2020/monopogen_output/joxm_1-results/germline/chr2.phased.vcf.gz /home/lchanem1/data-abattle4/lakshmi/cuomo_2020/monopogen_output/joxm_1-results/germline/chr3.phased.vcf.gz /home/lchanem1/data-abattle4/lakshmi/cuomo_2020/monopogen_output/joxm_1-results/germline/chr4.phased.vcf.gz /home/lchanem1/data-abattle4/lakshmi/cuomo_2020/monopogen_output/joxm_1-results/germline/chr5.phased.vcf.gz /home/lchanem1/data-abattle4/lakshmi/cuomo_2020/monopogen_output/joxm_1-results/germline/chr6.phased.vcf.gz /home/lchanem1/data-abattle4/lakshmi/cuomo_2020/monopogen_output/joxm_1-results/germline/chr7.phased.vcf.gz /home/lchanem1/data-abattle4/lakshmi/cuomo_2020/monopogen_output/joxm_1-results/germline/chr8.phased.vcf.gz /home/lchanem1/data-abattle4/lakshmi/cuomo_2020/monopogen_output/joxm_1-results/germline/chr9.phased.vcf.gz /home/lchanem1/data-abattle4/lakshmi/cuomo_2020/monopogen_output/joxm_1-results/germline/chr10.phased.vcf.gz /home/lchanem1/data-abattle4/lakshmi/cuomo_2020/monopogen_output/joxm_1-results/germline/chr11.phased.vcf.gz /home/lchanem1/data-abattle4/lakshmi/cuomo_2020/monopogen_output/joxm_1-results/germline/chr12.phased.vcf.gz /home/lchanem1/data-abattle4/lakshmi/cuomo_2020/monopogen_output/joxm_1-results/germline/chr13.phased.vcf.gz /home/lchanem1/data-abattle4/lakshmi/cuomo_2020/monopogen_output/joxm_1-results/germline/chr14.phased.vcf.gz /home/lchanem1/data-abattle4/lakshmi/cuomo_2020/monopogen_output/joxm_1-results/germline/chr15.phased.vcf.gz /home/lchanem1/data-abattle4/lakshmi/cuomo_2020/monopogen_output/joxm_1-results/germline/chr16.phased.vcf.gz /home/lchanem1/data-abattle4/lakshmi/cuomo_2020/monopogen_output/joxm_1-results/germline/chr17.phased.vcf.gz /home/lchanem1/data-abattle4/lakshmi/cuomo_2020/monopogen_output/joxm_1-results/germline/chr18.phased.vcf.gz /home/lchanem1/data-abattle4/lakshmi/cuomo_2020/monopogen_output/joxm_1-results/germline/chr19.phased.vcf.gz /home/lchanem1/data-abattle4/lakshmi/cuomo_2020/monopogen_output/joxm_1-results/germline/chr20.phased.vcf.gz /home/lchanem1/data-abattle4/lakshmi/cuomo_2020/monopogen_output/joxm_1-results/germline/chr21.phased.vcf.gz /home/lchanem1/data-abattle4/lakshmi/cuomo_2020/monopogen_output/joxm_1-results/germline/chr22.phased.vcf.gz -O z -o /home/lchanem1/data-abattle4/lakshmi/cuomo_2020/monopogen_output/joxm_1-results/germline/temp_concat.phased.vcf.gz
rm: cannot remove '/home/lchanem1/data-abattle4/lakshmi/cuomo_2020/monopogen_output/joxm_1-results/germline/*.tbi': No such file or directory
bcftools index /home/lchanem1/data-abattle4/lakshmi/cuomo_2020/monopogen_output/joxm_1-results/germline/temp_concat.phased.vcf.gz -t

Concatenated all chromosomes

Processing file /home/lchanem1/data-abattle4/lakshmi/cuomo_2020/monopogen_output/joxm_1-results/germline/temp_concat.phased.vcf.gz for joxm_1

Finished modifying chrs in file

Modified sample names to match HIPSCI

****END OF joxm_1 PROCESSING...ready for results***


